{"C:\\Users\\Inna\\Desktop\\RSschool\\REACT\\class-components\\rs-react-app\\src\\App.tsx": {"path":"C:\\Users\\Inna\\Desktop\\RSschool\\REACT\\class-components\\rs-react-app\\src\\App.tsx","all":false,"statementMap":{"0":{"start":{"line":1,"column":0},"end":{"line":1,"column":45}},"1":{"start":{"line":2,"column":0},"end":{"line":2,"column":19}},"2":{"start":{"line":3,"column":0},"end":{"line":3,"column":40}},"3":{"start":{"line":4,"column":0},"end":{"line":4,"column":44}},"4":{"start":{"line":5,"column":0},"end":{"line":5,"column":48}},"7":{"start":{"line":8,"column":0},"end":{"line":8,"column":62}},"8":{"start":{"line":9,"column":0},"end":{"line":9,"column":38}},"10":{"start":{"line":11,"column":0},"end":{"line":11,"column":21}},"11":{"start":{"line":12,"column":0},"end":{"line":12,"column":59}},"12":{"start":{"line":13,"column":0},"end":{"line":13,"column":18}},"13":{"start":{"line":14,"column":0},"end":{"line":14,"column":4}},"15":{"start":{"line":16,"column":0},"end":{"line":16,"column":43}},"16":{"start":{"line":17,"column":0},"end":{"line":17,"column":53}},"17":{"start":{"line":18,"column":0},"end":{"line":18,"column":51}},"18":{"start":{"line":19,"column":0},"end":{"line":19,"column":45}},"19":{"start":{"line":20,"column":0},"end":{"line":20,"column":7}},"20":{"start":{"line":21,"column":0},"end":{"line":21,"column":4}},"22":{"start":{"line":23,"column":0},"end":{"line":23,"column":24}},"23":{"start":{"line":24,"column":0},"end":{"line":24,"column":45}},"24":{"start":{"line":25,"column":0},"end":{"line":25,"column":45}},"25":{"start":{"line":26,"column":0},"end":{"line":26,"column":7}},"26":{"start":{"line":27,"column":0},"end":{"line":27,"column":4}},"28":{"start":{"line":29,"column":0},"end":{"line":29,"column":52}},"29":{"start":{"line":30,"column":0},"end":{"line":30,"column":34}},"30":{"start":{"line":31,"column":0},"end":{"line":31,"column":4}},"32":{"start":{"line":33,"column":0},"end":{"line":33,"column":12}},"33":{"start":{"line":34,"column":0},"end":{"line":34,"column":12}},"34":{"start":{"line":35,"column":0},"end":{"line":35,"column":8}},"35":{"start":{"line":36,"column":0},"end":{"line":36,"column":47}},"36":{"start":{"line":37,"column":0},"end":{"line":37,"column":14}},"37":{"start":{"line":38,"column":0},"end":{"line":38,"column":19}},"38":{"start":{"line":39,"column":0},"end":{"line":39,"column":34}},"39":{"start":{"line":40,"column":0},"end":{"line":40,"column":48}},"40":{"start":{"line":41,"column":0},"end":{"line":41,"column":53}},"41":{"start":{"line":42,"column":0},"end":{"line":42,"column":12}},"42":{"start":{"line":43,"column":0},"end":{"line":43,"column":15}},"43":{"start":{"line":44,"column":0},"end":{"line":44,"column":19}},"44":{"start":{"line":45,"column":0},"end":{"line":45,"column":46}},"45":{"start":{"line":46,"column":0},"end":{"line":46,"column":44}},"46":{"start":{"line":47,"column":0},"end":{"line":47,"column":44}},"47":{"start":{"line":48,"column":0},"end":{"line":48,"column":10}},"48":{"start":{"line":49,"column":0},"end":{"line":49,"column":9}},"50":{"start":{"line":51,"column":0},"end":{"line":51,"column":3}},"51":{"start":{"line":52,"column":0},"end":{"line":52,"column":1}},"53":{"start":{"line":54,"column":0},"end":{"line":54,"column":19}}},"s":{"0":1,"1":1,"2":1,"3":1,"4":1,"7":1,"8":3,"10":3,"11":3,"12":3,"13":3,"15":3,"16":0,"17":0,"18":0,"19":0,"20":0,"22":3,"23":1,"24":1,"25":1,"26":1,"28":3,"29":0,"30":0,"32":3,"33":4,"34":4,"35":4,"36":4,"37":4,"38":4,"39":4,"40":4,"41":4,"42":4,"43":4,"44":4,"45":4,"46":4,"47":4,"48":4,"50":4,"51":3,"53":1},"branchMap":{"0":{"type":"branch","line":8,"loc":{"start":{"line":8,"column":61},"end":{"line":52,"column":1}},"locations":[{"start":{"line":8,"column":61},"end":{"line":52,"column":1}}]},"1":{"type":"branch","line":12,"loc":{"start":{"line":12,"column":52},"end":{"line":12,"column":59}},"locations":[{"start":{"line":12,"column":52},"end":{"line":12,"column":59}}]},"2":{"type":"branch","line":23,"loc":{"start":{"line":23,"column":17},"end":{"line":27,"column":4}},"locations":[{"start":{"line":23,"column":17},"end":{"line":27,"column":4}}]},"3":{"type":"branch","line":24,"loc":{"start":{"line":24,"column":38},"end":{"line":26,"column":5}},"locations":[{"start":{"line":24,"column":38},"end":{"line":26,"column":5}}]},"4":{"type":"branch","line":33,"loc":{"start":{"line":33,"column":2},"end":{"line":51,"column":3}},"locations":[{"start":{"line":33,"column":2},"end":{"line":51,"column":3}}]}},"b":{"0":[3],"1":[2],"2":[1],"3":[1],"4":[4]},"fnMap":{"0":{"name":"<instance_members_initializer>","decl":{"start":{"line":8,"column":61},"end":{"line":52,"column":1}},"loc":{"start":{"line":8,"column":61},"end":{"line":52,"column":1}},"line":8},"1":{"name":"handlePageChange","decl":{"start":{"line":16,"column":21},"end":{"line":21,"column":4}},"loc":{"start":{"line":16,"column":21},"end":{"line":21,"column":4}},"line":16},"2":{"name":"handleSearch","decl":{"start":{"line":23,"column":17},"end":{"line":27,"column":4}},"loc":{"start":{"line":23,"column":17},"end":{"line":27,"column":4}},"line":23},"3":{"name":"handleTotalPagesChange","decl":{"start":{"line":29,"column":27},"end":{"line":31,"column":4}},"loc":{"start":{"line":29,"column":27},"end":{"line":31,"column":4}},"line":29},"4":{"name":"render","decl":{"start":{"line":33,"column":2},"end":{"line":51,"column":3}},"loc":{"start":{"line":33,"column":2},"end":{"line":51,"column":3}},"line":33}},"f":{"0":3,"1":0,"2":1,"3":0,"4":4}}
,"C:\\Users\\Inna\\Desktop\\RSschool\\REACT\\class-components\\rs-react-app\\src\\components\\CardList.tsx": {"path":"C:\\Users\\Inna\\Desktop\\RSschool\\REACT\\class-components\\rs-react-app\\src\\components\\CardList.tsx","all":false,"statementMap":{"1":{"start":{"line":2,"column":0},"end":{"line":2,"column":34}},"2":{"start":{"line":3,"column":0},"end":{"line":3,"column":48}},"3":{"start":{"line":4,"column":0},"end":{"line":4,"column":21}},"5":{"start":{"line":6,"column":0},"end":{"line":6,"column":16}},"6":{"start":{"line":7,"column":0},"end":{"line":7,"column":69}},"7":{"start":{"line":8,"column":0},"end":{"line":8,"column":45}},"9":{"start":{"line":10,"column":0},"end":{"line":10,"column":55}},"10":{"start":{"line":11,"column":0},"end":{"line":11,"column":17}},"11":{"start":{"line":12,"column":0},"end":{"line":12,"column":15}},"12":{"start":{"line":13,"column":0},"end":{"line":13,"column":4}},"14":{"start":{"line":15,"column":0},"end":{"line":15,"column":29}},"15":{"start":{"line":16,"column":0},"end":{"line":16,"column":22}},"16":{"start":{"line":17,"column":0},"end":{"line":17,"column":3}},"18":{"start":{"line":19,"column":0},"end":{"line":19,"column":48}},"19":{"start":{"line":20,"column":0},"end":{"line":20,"column":59}},"20":{"start":{"line":21,"column":0},"end":{"line":21,"column":24}},"21":{"start":{"line":22,"column":0},"end":{"line":22,"column":5}},"22":{"start":{"line":23,"column":0},"end":{"line":23,"column":3}},"24":{"start":{"line":25,"column":0},"end":{"line":25,"column":28}},"25":{"start":{"line":26,"column":0},"end":{"line":26,"column":54}},"26":{"start":{"line":27,"column":0},"end":{"line":27,"column":50}},"28":{"start":{"line":29,"column":0},"end":{"line":29,"column":31}},"29":{"start":{"line":30,"column":0},"end":{"line":30,"column":96}},"30":{"start":{"line":31,"column":0},"end":{"line":31,"column":93}},"32":{"start":{"line":33,"column":0},"end":{"line":33,"column":37}},"33":{"start":{"line":34,"column":0},"end":{"line":34,"column":16}},"34":{"start":{"line":35,"column":0},"end":{"line":35,"column":34}},"35":{"start":{"line":36,"column":0},"end":{"line":36,"column":36}},"36":{"start":{"line":37,"column":0},"end":{"line":37,"column":8}},"37":{"start":{"line":38,"column":0},"end":{"line":38,"column":7}},"39":{"start":{"line":40,"column":0},"end":{"line":40,"column":39}},"41":{"start":{"line":42,"column":0},"end":{"line":42,"column":41}},"42":{"start":{"line":43,"column":0},"end":{"line":43,"column":13}},"43":{"start":{"line":44,"column":0},"end":{"line":44,"column":5}},"45":{"start":{"line":46,"column":0},"end":{"line":46,"column":72}},"46":{"start":{"line":47,"column":0},"end":{"line":47,"column":39}},"48":{"start":{"line":49,"column":0},"end":{"line":49,"column":40}},"49":{"start":{"line":50,"column":0},"end":{"line":50,"column":52}},"50":{"start":{"line":51,"column":0},"end":{"line":51,"column":70}},"51":{"start":{"line":52,"column":0},"end":{"line":52,"column":16}},"52":{"start":{"line":53,"column":0},"end":{"line":53,"column":26}},"53":{"start":{"line":54,"column":0},"end":{"line":54,"column":74}},"54":{"start":{"line":55,"column":0},"end":{"line":55,"column":53}},"55":{"start":{"line":56,"column":0},"end":{"line":56,"column":55}},"56":{"start":{"line":57,"column":0},"end":{"line":57,"column":10}},"57":{"start":{"line":58,"column":0},"end":{"line":58,"column":8}},"58":{"start":{"line":59,"column":0},"end":{"line":59,"column":6}},"60":{"start":{"line":61,"column":0},"end":{"line":61,"column":41}},"61":{"start":{"line":62,"column":0},"end":{"line":62,"column":4}},"63":{"start":{"line":64,"column":0},"end":{"line":64,"column":12}},"64":{"start":{"line":65,"column":0},"end":{"line":65,"column":12}},"65":{"start":{"line":66,"column":0},"end":{"line":66,"column":32}},"66":{"start":{"line":67,"column":0},"end":{"line":67,"column":49}},"67":{"start":{"line":68,"column":0},"end":{"line":68,"column":26}},"68":{"start":{"line":69,"column":0},"end":{"line":69,"column":38}},"69":{"start":{"line":70,"column":0},"end":{"line":70,"column":53}},"70":{"start":{"line":71,"column":0},"end":{"line":71,"column":18}},"71":{"start":{"line":72,"column":0},"end":{"line":72,"column":39}},"72":{"start":{"line":73,"column":0},"end":{"line":73,"column":34}},"73":{"start":{"line":74,"column":0},"end":{"line":74,"column":44}},"74":{"start":{"line":75,"column":0},"end":{"line":75,"column":50}},"75":{"start":{"line":76,"column":0},"end":{"line":76,"column":18}},"76":{"start":{"line":77,"column":0},"end":{"line":77,"column":15}},"77":{"start":{"line":78,"column":0},"end":{"line":78,"column":11}},"78":{"start":{"line":79,"column":0},"end":{"line":79,"column":11}},"80":{"start":{"line":81,"column":0},"end":{"line":81,"column":3}},"81":{"start":{"line":82,"column":0},"end":{"line":82,"column":1}},"83":{"start":{"line":84,"column":0},"end":{"line":84,"column":24}}},"s":{"1":1,"2":1,"3":1,"5":1,"6":1,"7":1,"9":1,"10":2,"11":2,"12":2,"14":2,"15":2,"16":2,"18":2,"19":2,"20":0,"21":0,"22":2,"24":2,"25":2,"26":2,"28":2,"29":0,"30":2,"32":2,"33":2,"34":2,"35":2,"36":2,"37":2,"39":2,"41":2,"42":0,"43":0,"45":2,"46":2,"48":2,"49":2,"50":6,"51":6,"52":6,"53":6,"54":6,"55":6,"56":6,"57":2,"58":2,"60":2,"61":2,"63":2,"64":4,"65":4,"66":4,"67":6,"68":6,"69":6,"70":6,"71":6,"72":6,"73":6,"74":6,"75":6,"76":6,"77":4,"78":4,"80":4,"81":2,"83":1},"branchMap":{"0":{"type":"branch","line":10,"loc":{"start":{"line":10,"column":54},"end":{"line":82,"column":1}},"locations":[{"start":{"line":10,"column":54},"end":{"line":82,"column":1}}]},"1":{"type":"branch","line":15,"loc":{"start":{"line":15,"column":2},"end":{"line":17,"column":3}},"locations":[{"start":{"line":15,"column":2},"end":{"line":17,"column":3}}]},"2":{"type":"branch","line":19,"loc":{"start":{"line":19,"column":2},"end":{"line":23,"column":3}},"locations":[{"start":{"line":19,"column":2},"end":{"line":23,"column":3}}]},"3":{"type":"branch","line":20,"loc":{"start":{"line":20,"column":58},"end":{"line":22,"column":5}},"locations":[{"start":{"line":20,"column":58},"end":{"line":22,"column":5}}]},"4":{"type":"branch","line":25,"loc":{"start":{"line":25,"column":15},"end":{"line":62,"column":4}},"locations":[{"start":{"line":25,"column":15},"end":{"line":62,"column":4}}]},"5":{"type":"branch","line":29,"loc":{"start":{"line":29,"column":30},"end":{"line":30,"column":96}},"locations":[{"start":{"line":29,"column":30},"end":{"line":30,"column":96}}]},"6":{"type":"branch","line":42,"loc":{"start":{"line":42,"column":40},"end":{"line":44,"column":5}},"locations":[{"start":{"line":42,"column":40},"end":{"line":44,"column":5}}]},"7":{"type":"branch","line":50,"loc":{"start":{"line":50,"column":25},"end":{"line":58,"column":7}},"locations":[{"start":{"line":50,"column":25},"end":{"line":58,"column":7}}]},"8":{"type":"branch","line":55,"loc":{"start":{"line":55,"column":32},"end":{"line":55,"column":53}},"locations":[{"start":{"line":55,"column":32},"end":{"line":55,"column":53}}]},"9":{"type":"branch","line":56,"loc":{"start":{"line":56,"column":35},"end":{"line":56,"column":55}},"locations":[{"start":{"line":56,"column":35},"end":{"line":56,"column":55}}]},"10":{"type":"branch","line":64,"loc":{"start":{"line":64,"column":2},"end":{"line":81,"column":3}},"locations":[{"start":{"line":64,"column":2},"end":{"line":81,"column":3}}]},"11":{"type":"branch","line":67,"loc":{"start":{"line":67,"column":31},"end":{"line":77,"column":15}},"locations":[{"start":{"line":67,"column":31},"end":{"line":77,"column":15}}]}},"b":{"0":[2],"1":[2],"2":[2],"3":[0],"4":[2],"5":[0],"6":[0],"7":[6],"8":[0],"9":[0],"10":[4],"11":[6]},"fnMap":{"0":{"name":"<instance_members_initializer>","decl":{"start":{"line":10,"column":54},"end":{"line":82,"column":1}},"loc":{"start":{"line":10,"column":54},"end":{"line":82,"column":1}},"line":10},"1":{"name":"componentDidMount","decl":{"start":{"line":15,"column":2},"end":{"line":17,"column":3}},"loc":{"start":{"line":15,"column":2},"end":{"line":17,"column":3}},"line":15},"2":{"name":"componentDidUpdate","decl":{"start":{"line":19,"column":2},"end":{"line":23,"column":3}},"loc":{"start":{"line":19,"column":2},"end":{"line":23,"column":3}},"line":19},"3":{"name":"searchData","decl":{"start":{"line":25,"column":15},"end":{"line":62,"column":4}},"loc":{"start":{"line":25,"column":15},"end":{"line":62,"column":4}},"line":25},"4":{"name":"render","decl":{"start":{"line":64,"column":2},"end":{"line":81,"column":3}},"loc":{"start":{"line":64,"column":2},"end":{"line":81,"column":3}},"line":64}},"f":{"0":2,"1":2,"2":2,"3":2,"4":4}}
,"C:\\Users\\Inna\\Desktop\\RSschool\\REACT\\class-components\\rs-react-app\\src\\components\\Header.tsx": {"path":"C:\\Users\\Inna\\Desktop\\RSschool\\REACT\\class-components\\rs-react-app\\src\\components\\Header.tsx","all":false,"statementMap":{"0":{"start":{"line":1,"column":0},"end":{"line":1,"column":45}},"3":{"start":{"line":4,"column":0},"end":{"line":4,"column":45}},"4":{"start":{"line":5,"column":0},"end":{"line":5,"column":43}},"6":{"start":{"line":7,"column":0},"end":{"line":7,"column":42}},"7":{"start":{"line":8,"column":0},"end":{"line":8,"column":23}},"8":{"start":{"line":9,"column":0},"end":{"line":9,"column":70}},"9":{"start":{"line":10,"column":0},"end":{"line":10,"column":26}},"10":{"start":{"line":11,"column":0},"end":{"line":11,"column":4}},"11":{"start":{"line":12,"column":0},"end":{"line":12,"column":12}},"12":{"start":{"line":13,"column":0},"end":{"line":13,"column":12}},"13":{"start":{"line":14,"column":0},"end":{"line":14,"column":33}},"14":{"start":{"line":15,"column":0},"end":{"line":15,"column":43}},"15":{"start":{"line":16,"column":0},"end":{"line":16,"column":17}},"16":{"start":{"line":17,"column":0},"end":{"line":17,"column":62}},"17":{"start":{"line":18,"column":0},"end":{"line":18,"column":18}},"18":{"start":{"line":19,"column":0},"end":{"line":19,"column":25}},"19":{"start":{"line":20,"column":0},"end":{"line":20,"column":38}},"20":{"start":{"line":21,"column":0},"end":{"line":21,"column":64}},"21":{"start":{"line":22,"column":0},"end":{"line":22,"column":33}},"22":{"start":{"line":23,"column":0},"end":{"line":23,"column":14}},"23":{"start":{"line":24,"column":0},"end":{"line":24,"column":18}},"24":{"start":{"line":25,"column":0},"end":{"line":25,"column":79}},"26":{"start":{"line":27,"column":0},"end":{"line":27,"column":19}},"27":{"start":{"line":28,"column":0},"end":{"line":28,"column":15}},"28":{"start":{"line":29,"column":0},"end":{"line":29,"column":15}},"30":{"start":{"line":31,"column":0},"end":{"line":31,"column":3}},"31":{"start":{"line":32,"column":0},"end":{"line":32,"column":1}},"33":{"start":{"line":34,"column":0},"end":{"line":34,"column":22}}},"s":{"0":1,"3":1,"4":5,"6":5,"7":2,"8":2,"9":2,"10":2,"11":5,"12":5,"13":5,"14":5,"15":5,"16":5,"17":5,"18":5,"19":5,"20":5,"21":5,"22":5,"23":5,"24":5,"26":5,"27":5,"28":5,"30":5,"31":5,"33":1},"branchMap":{"0":{"type":"branch","line":4,"loc":{"start":{"line":4,"column":44},"end":{"line":32,"column":1}},"locations":[{"start":{"line":4,"column":44},"end":{"line":32,"column":1}}]},"1":{"type":"branch","line":7,"loc":{"start":{"line":7,"column":17},"end":{"line":11,"column":4}},"locations":[{"start":{"line":7,"column":17},"end":{"line":11,"column":4}}]},"2":{"type":"branch","line":9,"loc":{"start":{"line":9,"column":57},"end":{"line":9,"column":68}},"locations":[{"start":{"line":9,"column":57},"end":{"line":9,"column":68}}]},"3":{"type":"branch","line":12,"loc":{"start":{"line":12,"column":2},"end":{"line":31,"column":3}},"locations":[{"start":{"line":12,"column":2},"end":{"line":31,"column":3}}]},"4":{"type":"branch","line":21,"loc":{"start":{"line":21,"column":56},"end":{"line":21,"column":64}},"locations":[{"start":{"line":21,"column":56},"end":{"line":21,"column":64}}]}},"b":{"0":[5],"1":[2],"2":[1],"3":[5],"4":[3]},"fnMap":{"0":{"name":"<instance_members_initializer>","decl":{"start":{"line":4,"column":44},"end":{"line":32,"column":1}},"loc":{"start":{"line":4,"column":44},"end":{"line":32,"column":1}},"line":4},"1":{"name":"handleSubmit","decl":{"start":{"line":7,"column":17},"end":{"line":11,"column":4}},"loc":{"start":{"line":7,"column":17},"end":{"line":11,"column":4}},"line":7},"2":{"name":"render","decl":{"start":{"line":12,"column":2},"end":{"line":31,"column":3}},"loc":{"start":{"line":12,"column":2},"end":{"line":31,"column":3}},"line":12}},"f":{"0":5,"1":2,"2":5}}
,"C:\\Users\\Inna\\Desktop\\RSschool\\REACT\\class-components\\rs-react-app\\src\\components\\Pagination.tsx": {"path":"C:\\Users\\Inna\\Desktop\\RSschool\\REACT\\class-components\\rs-react-app\\src\\components\\Pagination.tsx","all":false,"statementMap":{"1":{"start":{"line":2,"column":0},"end":{"line":2,"column":34}},"3":{"start":{"line":4,"column":0},"end":{"line":4,"column":53}},"4":{"start":{"line":5,"column":0},"end":{"line":5,"column":27}},"5":{"start":{"line":6,"column":0},"end":{"line":6,"column":51}},"6":{"start":{"line":7,"column":0},"end":{"line":7,"column":26}},"7":{"start":{"line":8,"column":0},"end":{"line":8,"column":34}},"8":{"start":{"line":9,"column":0},"end":{"line":9,"column":5}},"9":{"start":{"line":10,"column":0},"end":{"line":10,"column":4}},"11":{"start":{"line":12,"column":0},"end":{"line":12,"column":27}},"12":{"start":{"line":13,"column":0},"end":{"line":13,"column":63}},"13":{"start":{"line":14,"column":0},"end":{"line":14,"column":39}},"14":{"start":{"line":15,"column":0},"end":{"line":15,"column":34}},"15":{"start":{"line":16,"column":0},"end":{"line":16,"column":5}},"16":{"start":{"line":17,"column":0},"end":{"line":17,"column":4}},"18":{"start":{"line":19,"column":0},"end":{"line":19,"column":12}},"19":{"start":{"line":20,"column":0},"end":{"line":20,"column":51}},"21":{"start":{"line":22,"column":0},"end":{"line":22,"column":12}},"22":{"start":{"line":23,"column":0},"end":{"line":23,"column":34}},"23":{"start":{"line":24,"column":0},"end":{"line":24,"column":76}},"24":{"start":{"line":25,"column":0},"end":{"line":25,"column":16}},"25":{"start":{"line":26,"column":0},"end":{"line":26,"column":17}},"26":{"start":{"line":27,"column":0},"end":{"line":27,"column":63}},"27":{"start":{"line":28,"column":0},"end":{"line":28,"column":15}},"28":{"start":{"line":29,"column":0},"end":{"line":29,"column":40}},"29":{"start":{"line":30,"column":0},"end":{"line":30,"column":50}},"31":{"start":{"line":32,"column":0},"end":{"line":32,"column":16}},"32":{"start":{"line":33,"column":0},"end":{"line":33,"column":17}},"33":{"start":{"line":34,"column":0},"end":{"line":34,"column":12}},"35":{"start":{"line":36,"column":0},"end":{"line":36,"column":3}},"36":{"start":{"line":37,"column":0},"end":{"line":37,"column":1}},"38":{"start":{"line":39,"column":0},"end":{"line":39,"column":26}}},"s":{"1":1,"3":1,"4":7,"5":1,"6":1,"7":1,"8":1,"9":1,"11":7,"12":1,"13":1,"14":1,"15":1,"16":1,"18":7,"19":7,"21":7,"22":7,"23":7,"24":7,"25":7,"26":7,"27":7,"28":7,"29":7,"31":7,"32":7,"33":7,"35":7,"36":7,"38":1},"branchMap":{"0":{"type":"branch","line":4,"loc":{"start":{"line":4,"column":52},"end":{"line":37,"column":1}},"locations":[{"start":{"line":4,"column":52},"end":{"line":37,"column":1}}]},"1":{"type":"branch","line":5,"loc":{"start":{"line":5,"column":20},"end":{"line":10,"column":4}},"locations":[{"start":{"line":5,"column":20},"end":{"line":10,"column":4}}]},"2":{"type":"branch","line":12,"loc":{"start":{"line":12,"column":20},"end":{"line":17,"column":4}},"locations":[{"start":{"line":12,"column":20},"end":{"line":17,"column":4}}]},"3":{"type":"branch","line":19,"loc":{"start":{"line":19,"column":2},"end":{"line":36,"column":3}},"locations":[{"start":{"line":19,"column":2},"end":{"line":36,"column":3}}]}},"b":{"0":[7],"1":[1],"2":[1],"3":[7]},"fnMap":{"0":{"name":"<instance_members_initializer>","decl":{"start":{"line":4,"column":52},"end":{"line":37,"column":1}},"loc":{"start":{"line":4,"column":52},"end":{"line":37,"column":1}},"line":4},"1":{"name":"handlePrevClick","decl":{"start":{"line":5,"column":20},"end":{"line":10,"column":4}},"loc":{"start":{"line":5,"column":20},"end":{"line":10,"column":4}},"line":5},"2":{"name":"handleNextClick","decl":{"start":{"line":12,"column":20},"end":{"line":17,"column":4}},"loc":{"start":{"line":12,"column":20},"end":{"line":17,"column":4}},"line":12},"3":{"name":"render","decl":{"start":{"line":19,"column":2},"end":{"line":36,"column":3}},"loc":{"start":{"line":19,"column":2},"end":{"line":36,"column":3}},"line":19}},"f":{"0":7,"1":1,"2":1,"3":7}}
,"C:\\Users\\Inna\\Desktop\\RSschool\\REACT\\class-components\\rs-react-app\\src\\tests\\mock-utils\\CardListMock.tsx": {"path":"C:\\Users\\Inna\\Desktop\\RSschool\\REACT\\class-components\\rs-react-app\\src\\tests\\mock-utils\\CardListMock.tsx","all":false,"statementMap":{"0":{"start":{"line":1,"column":0},"end":{"line":1,"column":26}},"1":{"start":{"line":2,"column":0},"end":{"line":2,"column":50}},"3":{"start":{"line":4,"column":0},"end":{"line":4,"column":62}},"4":{"start":{"line":5,"column":0},"end":{"line":5,"column":41}},"5":{"start":{"line":6,"column":0},"end":{"line":6,"column":31}},"6":{"start":{"line":7,"column":0},"end":{"line":7,"column":6}},"8":{"start":{"line":9,"column":0},"end":{"line":9,"column":34}},"9":{"start":{"line":10,"column":0},"end":{"line":10,"column":3}},"11":{"start":{"line":12,"column":0},"end":{"line":12,"column":42}}},"s":{"0":1,"1":1,"3":1,"4":4,"5":4,"6":4,"8":4,"9":4,"11":1},"branchMap":{"0":{"type":"branch","line":4,"loc":{"start":{"line":4,"column":45},"end":{"line":10,"column":3}},"locations":[{"start":{"line":4,"column":45},"end":{"line":10,"column":3}}]},"1":{"type":"branch","line":5,"loc":{"start":{"line":5,"column":33},"end":{"line":7,"column":4}},"locations":[{"start":{"line":5,"column":33},"end":{"line":7,"column":4}}]}},"b":{"0":[4],"1":[4]},"fnMap":{},"f":{}}
,"C:\\Users\\Inna\\Desktop\\RSschool\\REACT\\class-components\\rs-react-app\\src\\tests\\mock-utils\\SearchDataMock.tsx": {"path":"C:\\Users\\Inna\\Desktop\\RSschool\\REACT\\class-components\\rs-react-app\\src\\tests\\mock-utils\\SearchDataMock.tsx","all":false,"statementMap":{"0":{"start":{"line":1,"column":0},"end":{"line":1,"column":28}},"2":{"start":{"line":3,"column":0},"end":{"line":3,"column":38}}},"s":{"0":1,"2":1},"branchMap":{},"b":{},"fnMap":{},"f":{}}
,"C:\\Users\\Inna\\Desktop\\RSschool\\REACT\\class-components\\rs-react-app\\src\\utils\\wikiData.ts": {"path":"C:\\Users\\Inna\\Desktop\\RSschool\\REACT\\class-components\\rs-react-app\\src\\utils\\wikiData.ts","all":false,"statementMap":{"0":{"start":{"line":1,"column":0},"end":{"line":1,"column":27}},"1":{"start":{"line":2,"column":0},"end":{"line":2,"column":32}},"3":{"start":{"line":4,"column":0},"end":{"line":4,"column":69}},"4":{"start":{"line":5,"column":0},"end":{"line":5,"column":84}},"5":{"start":{"line":6,"column":0},"end":{"line":6,"column":31}},"6":{"start":{"line":7,"column":0},"end":{"line":7,"column":32}},"8":{"start":{"line":9,"column":0},"end":{"line":9,"column":45}},"9":{"start":{"line":10,"column":0},"end":{"line":10,"column":34}},"10":{"start":{"line":11,"column":0},"end":{"line":11,"column":51}},"11":{"start":{"line":12,"column":0},"end":{"line":12,"column":3}},"13":{"start":{"line":14,"column":0},"end":{"line":14,"column":31}},"14":{"start":{"line":15,"column":0},"end":{"line":15,"column":49}},"15":{"start":{"line":16,"column":0},"end":{"line":16,"column":64}},"17":{"start":{"line":18,"column":0},"end":{"line":18,"column":55}},"19":{"start":{"line":20,"column":0},"end":{"line":20,"column":39}},"20":{"start":{"line":21,"column":0},"end":{"line":21,"column":24}},"21":{"start":{"line":22,"column":0},"end":{"line":22,"column":62}},"22":{"start":{"line":23,"column":0},"end":{"line":23,"column":68}},"23":{"start":{"line":24,"column":0},"end":{"line":24,"column":3}},"25":{"start":{"line":26,"column":0},"end":{"line":26,"column":40}},"26":{"start":{"line":27,"column":0},"end":{"line":27,"column":18}},"27":{"start":{"line":28,"column":0},"end":{"line":28,"column":92}},"28":{"start":{"line":29,"column":0},"end":{"line":29,"column":47}},"29":{"start":{"line":30,"column":0},"end":{"line":30,"column":48}},"31":{"start":{"line":32,"column":0},"end":{"line":32,"column":58}},"32":{"start":{"line":33,"column":0},"end":{"line":33,"column":59}},"33":{"start":{"line":34,"column":0},"end":{"line":34,"column":3}},"35":{"start":{"line":36,"column":0},"end":{"line":36,"column":37}},"36":{"start":{"line":37,"column":0},"end":{"line":37,"column":1}}},"s":{"0":1,"1":1,"3":2,"4":2,"5":2,"6":2,"8":2,"9":2,"10":1,"11":1,"13":1,"14":1,"15":2,"17":2,"19":2,"20":2,"21":1,"22":1,"23":1,"25":1,"26":1,"27":1,"28":1,"29":1,"31":1,"32":1,"33":1,"35":1,"36":1},"branchMap":{"0":{"type":"branch","line":4,"loc":{"start":{"line":4,"column":0},"end":{"line":37,"column":1}},"locations":[{"start":{"line":4,"column":0},"end":{"line":37,"column":1}}]},"1":{"type":"branch","line":10,"loc":{"start":{"line":10,"column":33},"end":{"line":15,"column":49}},"locations":[{"start":{"line":10,"column":33},"end":{"line":15,"column":49}}]},"2":{"type":"branch","line":16,"loc":{"start":{"line":16,"column":20},"end":{"line":16,"column":43}},"locations":[{"start":{"line":16,"column":20},"end":{"line":16,"column":43}}]},"3":{"type":"branch","line":16,"loc":{"start":{"line":16,"column":43},"end":{"line":16,"column":64}},"locations":[{"start":{"line":16,"column":43},"end":{"line":16,"column":64}}]},"4":{"type":"branch","line":18,"loc":{"start":{"line":18,"column":48},"end":{"line":18,"column":55}},"locations":[{"start":{"line":18,"column":48},"end":{"line":18,"column":55}}]},"5":{"type":"branch","line":21,"loc":{"start":{"line":21,"column":23},"end":{"line":37,"column":1}},"locations":[{"start":{"line":21,"column":23},"end":{"line":37,"column":1}}]},"6":{"type":"branch","line":23,"loc":{"start":{"line":23,"column":59},"end":{"line":23,"column":68}},"locations":[{"start":{"line":23,"column":59},"end":{"line":23,"column":68}}]},"7":{"type":"branch","line":33,"loc":{"start":{"line":33,"column":45},"end":{"line":33,"column":59}},"locations":[{"start":{"line":33,"column":45},"end":{"line":33,"column":59}}]}},"b":{"0":[2],"1":[1],"2":[1],"3":[1],"4":[1],"5":[1],"6":[0],"7":[0]},"fnMap":{"0":{"name":"fetchWikidataInfo","decl":{"start":{"line":4,"column":0},"end":{"line":37,"column":1}},"loc":{"start":{"line":4,"column":0},"end":{"line":37,"column":1}},"line":4}},"f":{"0":2}}
}
